<?xml version="1.0" encoding="UTF-8"?>
<!-- Generated by org.testng.reporters.JUnitReportReporter -->
<testsuite hostname="andiHP" name="pl.agol.dozer.test.AdvancedMappingTest" tests="1" failures="0" timestamp="5 Mar 2014 22:13:00 GMT" time="0.005" errors="0">
  <testcase name="should_create_OtherPerson_from_given_Person" time="0.005" classname="pl.agol.dozer.test.AdvancedMappingTest"/>
</testsuite> <!-- pl.agol.dozer.test.AdvancedMappingTest -->
