<?xml version="1.0" encoding="UTF-8"?>
<!-- Generated by org.testng.reporters.JUnitReportReporter -->
<testsuite hostname="andiHP" name="pl.agol.dozer.test.MappingTest" tests="1" failures="0" timestamp="5 Mar 2014 19:49:52 GMT" time="0.007" errors="0">
  <testcase name="should_create_OtherPerson_from_given_Person" time="0.007" classname="pl.agol.dozer.test.MappingTest"/>
</testsuite> <!-- pl.agol.dozer.test.MappingTest -->
