<?xml version="1.0" encoding="UTF-8"?>
<!-- Generated by org.testng.reporters.JUnitReportReporter -->
<testsuite hostname="andiHP" name="pl.agol.dozer.test.MegaAdvanceMappingTest" tests="1" failures="0" timestamp="5 Mar 2014 22:11:37 GMT" time="0.008" errors="0">
  <testcase name="should_create_OtherPerson_from_given_Person" time="0.008" classname="pl.agol.dozer.test.MegaAdvanceMappingTest"/>
</testsuite> <!-- pl.agol.dozer.test.MegaAdvanceMappingTest -->
